Could not import tool module tools.memory_tool: No module named 'fcntl'
[group_chat] add_group_message: workspace=G:\HermesWorkspaces\test1, role=user, content_len=17
[group_chat] add_group_message: session_id=7f1b68ab12cc
[group_chat] add_group_message: workspace=G:\HermesWorkspaces\test1, role=system, content_len=12
[group_chat] add_group_message: session_id=7f1b68ab12cc
[group_chat] add_group_message: workspace=G:\\HermesWorkspaces\\test1, role=user, content_len=21
[group_chat] add_group_message: session_id=7f1b68ab12cc
[group_chat] add_group_message: workspace=G:\\HermesWorkspaces\\test1, role=system, content_len=12
[group_chat] add_group_message: session_id=7f1b68ab12cc
[group_chat] add_group_message: workspace=G:\HermesWorkspaces\test1, role=user, content_len=20
[group_chat] add_group_message: session_id=7f1b68ab12cc
[group_chat] add_group_message: workspace=G:\HermesWorkspaces\test1, role=system, content_len=12
[group_chat] add_group_message: session_id=7f1b68ab12cc
----------------------------------------
Exception occurred during processing of request from ('127.0.0.1', 6913)
Traceback (most recent call last):
  File "C:\Program Files\Python312\Lib\socketserver.py", line 692, in process_request_thread
    self.finish_request(request, client_address)
  File "C:\Program Files\Python312\Lib\socketserver.py", line 362, in finish_request
    self.RequestHandlerClass(request, client_address, self)
  File "C:\Program Files\Python312\Lib\socketserver.py", line 761, in __init__
    self.handle()
  File "C:\Program Files\Python312\Lib\http\server.py", line 438, in handle
    self.handle_one_request()
  File "C:\Program Files\Python312\Lib\http\server.py", line 404, in handle_one_request
    self.raw_requestline = self.rfile.readline(65537)
                           ^^^^^^^^^^^^^^^^^^^^^^^^^^
  File "C:\Program Files\Python312\Lib\socket.py", line 707, in readinto
    return self._sock.recv_into(b)
           ^^^^^^^^^^^^^^^^^^^^^^^
ConnectionAbortedError: [WinError 10053] 你的主机中的软件中止了一个已建立的连接。
----------------------------------------
----------------------------------------
Exception occurred during processing of request from ('127.0.0.1', 5127)
Traceback (most recent call last):
  File "C:\Program Files\Python312\Lib\socketserver.py", line 692, in process_request_thread
    self.finish_request(request, client_address)
  File "C:\Program Files\Python312\Lib\socketserver.py", line 362, in finish_request
    self.RequestHandlerClass(request, client_address, self)
  File "C:\Program Files\Python312\Lib\socketserver.py", line 761, in __init__
    self.handle()
  File "C:\Program Files\Python312\Lib\http\server.py", line 438, in handle
    self.handle_one_request()
  File "C:\Program Files\Python312\Lib\http\server.py", line 404, in handle_one_request
    self.raw_requestline = self.rfile.readline(65537)
                           ^^^^^^^^^^^^^^^^^^^^^^^^^^
  File "C:\Program Files\Python312\Lib\socket.py", line 707, in readinto
    return self._sock.recv_into(b)
           ^^^^^^^^^^^^^^^^^^^^^^^
ConnectionAbortedError: [WinError 10053] 你的主机中的软件中止了一个已建立的连接。
----------------------------------------
[group_chat] add_group_message: workspace=G:\HermesWorkspaces\test1, role=assistant, content_len=661
[group_chat] add_group_message: session_id=7f1b68ab12cc
[group_chat] add_group_message: workspace=G:\HermesWorkspaces\test1, role=user, content_len=23
[group_chat] add_group_message: session_id=7f1b68ab12cc
[group_chat] add_group_message: workspace=G:\HermesWorkspaces\test1, role=system, content_len=12
[group_chat] add_group_message: session_id=7f1b68ab12cc
----------------------------------------
Exception occurred during processing of request from ('127.0.0.1', 4710)
Traceback (most recent call last):
  File "C:\Program Files\Python312\Lib\socketserver.py", line 692, in process_request_thread
    self.finish_request(request, client_address)
  File "C:\Program Files\Python312\Lib\socketserver.py", line 362, in finish_request
    self.RequestHandlerClass(request, client_address, self)
  File "C:\Program Files\Python312\Lib\socketserver.py", line 761, in __init__
    self.handle()
  File "C:\Program Files\Python312\Lib\http\server.py", line 438, in handle
    self.handle_one_request()
  File "C:\Program Files\Python312\Lib\http\server.py", line 404, in handle_one_request
    self.raw_requestline = self.rfile.readline(65537)
                           ^^^^^^^^^^^^^^^^^^^^^^^^^^
  File "C:\Program Files\Python312\Lib\socket.py", line 707, in readinto
    return self._sock.recv_into(b)
           ^^^^^^^^^^^^^^^^^^^^^^^
ConnectionAbortedError: [WinError 10053] 你的主机中的软件中止了一个已建立的连接。
----------------------------------------
----------------------------------------
Exception occurred during processing of request from ('127.0.0.1', 10261)
Traceback (most recent call last):
  File "C:\Program Files\Python312\Lib\socketserver.py", line 692, in process_request_thread
    self.finish_request(request, client_address)
  File "C:\Program Files\Python312\Lib\socketserver.py", line 362, in finish_request
    self.RequestHandlerClass(request, client_address, self)
  File "C:\Program Files\Python312\Lib\socketserver.py", line 761, in __init__
    self.handle()
  File "C:\Program Files\Python312\Lib\http\server.py", line 438, in handle
    self.handle_one_request()
  File "C:\Program Files\Python312\Lib\http\server.py", line 404, in handle_one_request
    self.raw_requestline = self.rfile.readline(65537)
                           ^^^^^^^^^^^^^^^^^^^^^^^^^^
  File "C:\Program Files\Python312\Lib\socket.py", line 707, in readinto
    return self._sock.recv_into(b)
           ^^^^^^^^^^^^^^^^^^^^^^^
ConnectionAbortedError: [WinError 10053] 你的主机中的软件中止了一个已建立的连接。
----------------------------------------
[group_chat] add_group_message: workspace=G:\HermesWorkspaces\test1, role=assistant, content_len=940
[group_chat] add_group_message: session_id=7f1b68ab12cc
----------------------------------------
Exception occurred during processing of request from ('127.0.0.1', 6144)
Traceback (most recent call last):
  File "C:\Program Files\Python312\Lib\socketserver.py", line 692, in process_request_thread
    self.finish_request(request, client_address)
  File "C:\Program Files\Python312\Lib\socketserver.py", line 362, in finish_request
    self.RequestHandlerClass(request, client_address, self)
  File "C:\Program Files\Python312\Lib\socketserver.py", line 761, in __init__
    self.handle()
  File "C:\Program Files\Python312\Lib\http\server.py", line 438, in handle
    self.handle_one_request()
  File "C:\Program Files\Python312\Lib\http\server.py", line 404, in handle_one_request
    self.raw_requestline = self.rfile.readline(65537)
                           ^^^^^^^^^^^^^^^^^^^^^^^^^^
  File "C:\Program Files\Python312\Lib\socket.py", line 707, in readinto
    return self._sock.recv_into(b)
           ^^^^^^^^^^^^^^^^^^^^^^^
ConnectionAbortedError: [WinError 10053] 你的主机中的软件中止了一个已建立的连接。
----------------------------------------
----------------------------------------
Exception occurred during processing of request from ('127.0.0.1', 10077)
Traceback (most recent call last):
  File "C:\Program Files\Python312\Lib\socketserver.py", line 692, in process_request_thread
    self.finish_request(request, client_address)
  File "C:\Program Files\Python312\Lib\socketserver.py", line 362, in finish_request
    self.RequestHandlerClass(request, client_address, self)
  File "C:\Program Files\Python312\Lib\socketserver.py", line 761, in __init__
    self.handle()
  File "C:\Program Files\Python312\Lib\http\server.py", line 438, in handle
    self.handle_one_request()
  File "C:\Program Files\Python312\Lib\http\server.py", line 404, in handle_one_request
    self.raw_requestline = self.rfile.readline(65537)
                           ^^^^^^^^^^^^^^^^^^^^^^^^^^
  File "C:\Program Files\Python312\Lib\socket.py", line 707, in readinto
    return self._sock.recv_into(b)
           ^^^^^^^^^^^^^^^^^^^^^^^
ConnectionAbortedError: [WinError 10053] 你的主机中的软件中止了一个已建立的连接。
----------------------------------------
[group_chat] add_group_message: workspace=G:\HermesWorkspaces\test1, role=user, content_len=23
[group_chat] add_group_message: session_id=7f1b68ab12cc
[group_chat] add_group_message: workspace=G:\HermesWorkspaces\test1, role=system, content_len=12
[group_chat] add_group_message: session_id=7f1b68ab12cc
----------------------------------------
Exception occurred during processing of request from ('127.0.0.1', 9650)
Traceback (most recent call last):
  File "C:\Program Files\Python312\Lib\socketserver.py", line 692, in process_request_thread
    self.finish_request(request, client_address)
  File "C:\Program Files\Python312\Lib\socketserver.py", line 362, in finish_request
    self.RequestHandlerClass(request, client_address, self)
  File "C:\Program Files\Python312\Lib\socketserver.py", line 761, in __init__
    self.handle()
  File "C:\Program Files\Python312\Lib\http\server.py", line 438, in handle
    self.handle_one_request()
  File "C:\Program Files\Python312\Lib\http\server.py", line 404, in handle_one_request
    self.raw_requestline = self.rfile.readline(65537)
                           ^^^^^^^^^^^^^^^^^^^^^^^^^^
  File "C:\Program Files\Python312\Lib\socket.py", line 707, in readinto
    return self._sock.recv_into(b)
           ^^^^^^^^^^^^^^^^^^^^^^^
ConnectionAbortedError: [WinError 10053] 你的主机中的软件中止了一个已建立的连接。
----------------------------------------
----------------------------------------
Exception occurred during processing of request from ('127.0.0.1', 4191)
Traceback (most recent call last):
  File "C:\Program Files\Python312\Lib\socketserver.py", line 692, in process_request_thread
    self.finish_request(request, client_address)
  File "C:\Program Files\Python312\Lib\socketserver.py", line 362, in finish_request
    self.RequestHandlerClass(request, client_address, self)
  File "C:\Program Files\Python312\Lib\socketserver.py", line 761, in __init__
    self.handle()
  File "C:\Program Files\Python312\Lib\http\server.py", line 438, in handle
    self.handle_one_request()
  File "C:\Program Files\Python312\Lib\http\server.py", line 404, in handle_one_request
    self.raw_requestline = self.rfile.readline(65537)
                           ^^^^^^^^^^^^^^^^^^^^^^^^^^
  File "C:\Program Files\Python312\Lib\socket.py", line 707, in readinto
    return self._sock.recv_into(b)
           ^^^^^^^^^^^^^^^^^^^^^^^
ConnectionAbortedError: [WinError 10053] 你的主机中的软件中止了一个已建立的连接。
----------------------------------------
[group_chat] add_group_message: workspace=G:\HermesWorkspaces\test1, role=assistant, content_len=123
[group_chat] add_group_message: session_id=7f1b68ab12cc
----------------------------------------
Exception occurred during processing of request from ('127.0.0.1', 7655)
Traceback (most recent call last):
  File "G:\CustomWorkspaces\AIProjects\hermes-agent-studio\hermes-webui-studio\api\routes.py", line 1319, in _handle_sse_stream
    handler.send_header("X-Accel-Buffering", "no")
                              ^^^^^^^^^^^^^^^^^
  File "C:\Program Files\Python312\Lib\queue.py", line 179, in get
    raise Empty
_queue.Empty

During handling of the above exception, another exception occurred:

Traceback (most recent call last):
  File "G:\CustomWorkspaces\AIProjects\hermes-agent-studio\hermes-webui-studio\server.py", line 42, in do_GET
    result = handle_get(self, parsed)
             ^^^^^^^^^^^^^^^^^^^^^^^^
  File "G:\CustomWorkspaces\AIProjects\hermes-agent-studio\hermes-webui-studio\api\routes.py", line 458, in handle_get
    return _handle_sse_stream(handler, parsed)
           ^^^^^^^^^^^^^^^^^^^^^^^^^^^^^^^^^^^
  File "G:\CustomWorkspaces\AIProjects\hermes-agent-studio\hermes-webui-studio\api\routes.py", line 1321, in _handle_sse_stream
    handler.end_headers()
                ^^^^^^^^^^
  File "C:\Program Files\Python312\Lib\socketserver.py", line 840, in write
    self._sock.sendall(b)
ConnectionAbortedError: [WinError 10053] 你的主机中的软件中止了一个已建立的连接。

During handling of the above exception, another exception occurred:

Traceback (most recent call last):
  File "C:\Program Files\Python312\Lib\socketserver.py", line 692, in process_request_thread
    self.finish_request(request, client_address)
  File "C:\Program Files\Python312\Lib\socketserver.py", line 362, in finish_request
    self.RequestHandlerClass(request, client_address, self)
  File "C:\Program Files\Python312\Lib\socketserver.py", line 761, in __init__
    self.handle()
  File "C:\Program Files\Python312\Lib\http\server.py", line 436, in handle
    self.handle_one_request()
  File "C:\Program Files\Python312\Lib\http\server.py", line 424, in handle_one_request
    method()
  File "G:\CustomWorkspaces\AIProjects\hermes-agent-studio\hermes-webui-studio\server.py", line 47, in do_GET
    return j(self, {'error': 'Internal server error'}, status=500)
           ^^^^^^^^^^^^^^^^^^^^^^^^^^^^^^^^^^^^^^^^^^^^^^^^^^^^^^^
  File "G:\CustomWorkspaces\AIProjects\hermes-agent-studio\hermes-webui-studio\api\helpers.py", line 65, in j
    handler.end_headers()
  File "C:\Program Files\Python312\Lib\http\server.py", line 538, in end_headers
    self.flush_headers()
  File "C:\Program Files\Python312\Lib\http\server.py", line 542, in flush_headers
    self.wfile.write(b"".join(self._headers_buffer))
  File "C:\Program Files\Python312\Lib\socketserver.py", line 840, in write
    self._sock.sendall(b)
ConnectionAbortedError: [WinError 10053] 你的主机中的软件中止了一个已建立的连接。
----------------------------------------
----------------------------------------
Exception occurred during processing of request from ('127.0.0.1', 4599)
Traceback (most recent call last):
  File "G:\CustomWorkspaces\AIProjects\hermes-agent-studio\hermes-webui-studio\api\routes.py", line 1319, in _handle_sse_stream
    handler.send_header("X-Accel-Buffering", "no")
                              ^^^^^^^^^^^^^^^^^
  File "C:\Program Files\Python312\Lib\queue.py", line 179, in get
    raise Empty
_queue.Empty

During handling of the above exception, another exception occurred:

Traceback (most recent call last):
  File "G:\CustomWorkspaces\AIProjects\hermes-agent-studio\hermes-webui-studio\server.py", line 42, in do_GET
    result = handle_get(self, parsed)
             ^^^^^^^^^^^^^^^^^^^^^^^^
  File "G:\CustomWorkspaces\AIProjects\hermes-agent-studio\hermes-webui-studio\api\routes.py", line 458, in handle_get
    return _handle_sse_stream(handler, parsed)
           ^^^^^^^^^^^^^^^^^^^^^^^^^^^^^^^^^^^
  File "G:\CustomWorkspaces\AIProjects\hermes-agent-studio\hermes-webui-studio\api\routes.py", line 1321, in _handle_sse_stream
    handler.end_headers()
                ^^^^^^^^^^
  File "C:\Program Files\Python312\Lib\socketserver.py", line 840, in write
    self._sock.sendall(b)
ConnectionAbortedError: [WinError 10053] 你的主机中的软件中止了一个已建立的连接。

During handling of the above exception, another exception occurred:

Traceback (most recent call last):
  File "C:\Program Files\Python312\Lib\socketserver.py", line 692, in process_request_thread
    self.finish_request(request, client_address)
  File "C:\Program Files\Python312\Lib\socketserver.py", line 362, in finish_request
    self.RequestHandlerClass(request, client_address, self)
  File "C:\Program Files\Python312\Lib\socketserver.py", line 761, in __init__
    self.handle()
  File "C:\Program Files\Python312\Lib\http\server.py", line 436, in handle
    self.handle_one_request()
  File "C:\Program Files\Python312\Lib\http\server.py", line 424, in handle_one_request
    method()
  File "G:\CustomWorkspaces\AIProjects\hermes-agent-studio\hermes-webui-studio\server.py", line 47, in do_GET
    return j(self, {'error': 'Internal server error'}, status=500)
           ^^^^^^^^^^^^^^^^^^^^^^^^^^^^^^^^^^^^^^^^^^^^^^^^^^^^^^^
  File "G:\CustomWorkspaces\AIProjects\hermes-agent-studio\hermes-webui-studio\api\helpers.py", line 65, in j
    handler.end_headers()
  File "C:\Program Files\Python312\Lib\http\server.py", line 538, in end_headers
    self.flush_headers()
  File "C:\Program Files\Python312\Lib\http\server.py", line 542, in flush_headers
    self.wfile.write(b"".join(self._headers_buffer))
  File "C:\Program Files\Python312\Lib\socketserver.py", line 840, in write
    self._sock.sendall(b)
ConnectionAbortedError: [WinError 10053] 你的主机中的软件中止了一个已建立的连接。
----------------------------------------
----------------------------------------
Exception occurred during processing of request from ('127.0.0.1', 4950)
Traceback (most recent call last):
  File "G:\CustomWorkspaces\AIProjects\hermes-agent-studio\hermes-webui-studio\api\routes.py", line 1319, in _handle_sse_stream
    handler.send_header("X-Accel-Buffering", "no")
                              ^^^^^^^^^^^^^^^^^
  File "C:\Program Files\Python312\Lib\queue.py", line 179, in get
    raise Empty
_queue.Empty

During handling of the above exception, another exception occurred:

Traceback (most recent call last):
  File "G:\CustomWorkspaces\AIProjects\hermes-agent-studio\hermes-webui-studio\server.py", line 42, in do_GET
    result = handle_get(self, parsed)
             ^^^^^^^^^^^^^^^^^^^^^^^^
  File "G:\CustomWorkspaces\AIProjects\hermes-agent-studio\hermes-webui-studio\api\routes.py", line 458, in handle_get
    return _handle_sse_stream(handler, parsed)
           ^^^^^^^^^^^^^^^^^^^^^^^^^^^^^^^^^^^
  File "G:\CustomWorkspaces\AIProjects\hermes-agent-studio\hermes-webui-studio\api\routes.py", line 1321, in _handle_sse_stream
    handler.end_headers()
                ^^^^^^^^^^
  File "C:\Program Files\Python312\Lib\socketserver.py", line 840, in write
    self._sock.sendall(b)
ConnectionAbortedError: [WinError 10053] 你的主机中的软件中止了一个已建立的连接。

During handling of the above exception, another exception occurred:

Traceback (most recent call last):
  File "C:\Program Files\Python312\Lib\socketserver.py", line 692, in process_request_thread
    self.finish_request(request, client_address)
  File "C:\Program Files\Python312\Lib\socketserver.py", line 362, in finish_request
    self.RequestHandlerClass(request, client_address, self)
  File "C:\Program Files\Python312\Lib\socketserver.py", line 761, in __init__
    self.handle()
  File "C:\Program Files\Python312\Lib\http\server.py", line 436, in handle
    self.handle_one_request()
  File "C:\Program Files\Python312\Lib\http\server.py", line 424, in handle_one_request
    method()
  File "G:\CustomWorkspaces\AIProjects\hermes-agent-studio\hermes-webui-studio\server.py", line 47, in do_GET
    return j(self, {'error': 'Internal server error'}, status=500)
           ^^^^^^^^^^^^^^^^^^^^^^^^^^^^^^^^^^^^^^^^^^^^^^^^^^^^^^^
  File "G:\CustomWorkspaces\AIProjects\hermes-agent-studio\hermes-webui-studio\api\helpers.py", line 65, in j
    handler.end_headers()
  File "C:\Program Files\Python312\Lib\http\server.py", line 538, in end_headers
    self.flush_headers()
  File "C:\Program Files\Python312\Lib\http\server.py", line 542, in flush_headers
    self.wfile.write(b"".join(self._headers_buffer))
  File "C:\Program Files\Python312\Lib\socketserver.py", line 840, in write
    self._sock.sendall(b)
ConnectionAbortedError: [WinError 10053] 你的主机中的软件中止了一个已建立的连接。
----------------------------------------
----------------------------------------
Exception occurred during processing of request from ('127.0.0.1', 11987)
Traceback (most recent call last):
  File "G:\CustomWorkspaces\AIProjects\hermes-agent-studio\hermes-webui-studio\api\routes.py", line 1319, in _handle_sse_stream
    handler.send_header("X-Accel-Buffering", "no")
                              ^^^^^^^^^^^^^^^^^
  File "C:\Program Files\Python312\Lib\queue.py", line 179, in get
    raise Empty
_queue.Empty

During handling of the above exception, another exception occurred:

Traceback (most recent call last):
  File "G:\CustomWorkspaces\AIProjects\hermes-agent-studio\hermes-webui-studio\server.py", line 42, in do_GET
    result = handle_get(self, parsed)
             ^^^^^^^^^^^^^^^^^^^^^^^^
  File "G:\CustomWorkspaces\AIProjects\hermes-agent-studio\hermes-webui-studio\api\routes.py", line 458, in handle_get
    return _handle_sse_stream(handler, parsed)
           ^^^^^^^^^^^^^^^^^^^^^^^^^^^^^^^^^^^
  File "G:\CustomWorkspaces\AIProjects\hermes-agent-studio\hermes-webui-studio\api\routes.py", line 1321, in _handle_sse_stream
    handler.end_headers()
                ^^^^^^^^^^
  File "C:\Program Files\Python312\Lib\socketserver.py", line 840, in write
    self._sock.sendall(b)
ConnectionAbortedError: [WinError 10053] 你的主机中的软件中止了一个已建立的连接。

During handling of the above exception, another exception occurred:

Traceback (most recent call last):
  File "C:\Program Files\Python312\Lib\socketserver.py", line 692, in process_request_thread
    self.finish_request(request, client_address)
  File "C:\Program Files\Python312\Lib\socketserver.py", line 362, in finish_request
    self.RequestHandlerClass(request, client_address, self)
  File "C:\Program Files\Python312\Lib\socketserver.py", line 761, in __init__
    self.handle()
  File "C:\Program Files\Python312\Lib\http\server.py", line 436, in handle
    self.handle_one_request()
  File "C:\Program Files\Python312\Lib\http\server.py", line 424, in handle_one_request
    method()
  File "G:\CustomWorkspaces\AIProjects\hermes-agent-studio\hermes-webui-studio\server.py", line 47, in do_GET
    return j(self, {'error': 'Internal server error'}, status=500)
           ^^^^^^^^^^^^^^^^^^^^^^^^^^^^^^^^^^^^^^^^^^^^^^^^^^^^^^^
  File "G:\CustomWorkspaces\AIProjects\hermes-agent-studio\hermes-webui-studio\api\helpers.py", line 65, in j
    handler.end_headers()
  File "C:\Program Files\Python312\Lib\http\server.py", line 538, in end_headers
    self.flush_headers()
  File "C:\Program Files\Python312\Lib\http\server.py", line 542, in flush_headers
    self.wfile.write(b"".join(self._headers_buffer))
  File "C:\Program Files\Python312\Lib\socketserver.py", line 840, in write
    self._sock.sendall(b)
ConnectionAbortedError: [WinError 10053] 你的主机中的软件中止了一个已建立的连接。
----------------------------------------
----------------------------------------
Exception occurred during processing of request from ('127.0.0.1', 8587)
Traceback (most recent call last):
  File "C:\Program Files\Python312\Lib\socketserver.py", line 692, in process_request_thread
    self.finish_request(request, client_address)
  File "C:\Program Files\Python312\Lib\socketserver.py", line 362, in finish_request
    self.RequestHandlerClass(request, client_address, self)
  File "C:\Program Files\Python312\Lib\socketserver.py", line 761, in __init__
    self.handle()
  File "C:\Program Files\Python312\Lib\http\server.py", line 438, in handle
    self.handle_one_request()
  File "C:\Program Files\Python312\Lib\http\server.py", line 404, in handle_one_request
    self.raw_requestline = self.rfile.readline(65537)
                           ^^^^^^^^^^^^^^^^^^^^^^^^^^
  File "C:\Program Files\Python312\Lib\socket.py", line 707, in readinto
    return self._sock.recv_into(b)
           ^^^^^^^^^^^^^^^^^^^^^^^
ConnectionAbortedError: [WinError 10053] 你的主机中的软件中止了一个已建立的连接。
----------------------------------------
----------------------------------------
Exception occurred during processing of request from ('127.0.0.1', 4493)
Traceback (most recent call last):
  File "C:\Program Files\Python312\Lib\socketserver.py", line 692, in process_request_thread
    self.finish_request(request, client_address)
  File "C:\Program Files\Python312\Lib\socketserver.py", line 362, in finish_request
    self.RequestHandlerClass(request, client_address, self)
  File "C:\Program Files\Python312\Lib\socketserver.py", line 761, in __init__
    self.handle()
  File "C:\Program Files\Python312\Lib\http\server.py", line 438, in handle
    self.handle_one_request()
  File "C:\Program Files\Python312\Lib\http\server.py", line 404, in handle_one_request
    self.raw_requestline = self.rfile.readline(65537)
                           ^^^^^^^^^^^^^^^^^^^^^^^^^^
  File "C:\Program Files\Python312\Lib\socket.py", line 707, in readinto
    return self._sock.recv_into(b)
           ^^^^^^^^^^^^^^^^^^^^^^^
ConnectionAbortedError: [WinError 10053] 你的主机中的软件中止了一个已建立的连接。
----------------------------------------
----------------------------------------
Exception occurred during processing of request from ('127.0.0.1', 10041)
Traceback (most recent call last):
  File "C:\Program Files\Python312\Lib\socketserver.py", line 692, in process_request_thread
    self.finish_request(request, client_address)
  File "C:\Program Files\Python312\Lib\socketserver.py", line 362, in finish_request
    self.RequestHandlerClass(request, client_address, self)
  File "C:\Program Files\Python312\Lib\socketserver.py", line 761, in __init__
    self.handle()
  File "C:\Program Files\Python312\Lib\http\server.py", line 438, in handle
    self.handle_one_request()
  File "C:\Program Files\Python312\Lib\http\server.py", line 404, in handle_one_request
    self.raw_requestline = self.rfile.readline(65537)
                           ^^^^^^^^^^^^^^^^^^^^^^^^^^
  File "C:\Program Files\Python312\Lib\socket.py", line 707, in readinto
    return self._sock.recv_into(b)
           ^^^^^^^^^^^^^^^^^^^^^^^
ConnectionAbortedError: [WinError 10053] 你的主机中的软件中止了一个已建立的连接。
----------------------------------------
----------------------------------------
Exception occurred during processing of request from ('127.0.0.1', 9940)
Traceback (most recent call last):
  File "C:\Program Files\Python312\Lib\socketserver.py", line 692, in process_request_thread
    self.finish_request(request, client_address)
  File "C:\Program Files\Python312\Lib\socketserver.py", line 362, in finish_request
    self.RequestHandlerClass(request, client_address, self)
  File "C:\Program Files\Python312\Lib\socketserver.py", line 761, in __init__
    self.handle()
  File "C:\Program Files\Python312\Lib\http\server.py", line 438, in handle
    self.handle_one_request()
  File "C:\Program Files\Python312\Lib\http\server.py", line 404, in handle_one_request
    self.raw_requestline = self.rfile.readline(65537)
                           ^^^^^^^^^^^^^^^^^^^^^^^^^^
  File "C:\Program Files\Python312\Lib\socket.py", line 707, in readinto
    return self._sock.recv_into(b)
           ^^^^^^^^^^^^^^^^^^^^^^^
ConnectionAbortedError: [WinError 10053] 你的主机中的软件中止了一个已建立的连接。
----------------------------------------
----------------------------------------
Exception occurred during processing of request from ('127.0.0.1', 3842)
Traceback (most recent call last):
  File "C:\Program Files\Python312\Lib\socketserver.py", line 692, in process_request_thread
    self.finish_request(request, client_address)
  File "C:\Program Files\Python312\Lib\socketserver.py", line 362, in finish_request
    self.RequestHandlerClass(request, client_address, self)
  File "C:\Program Files\Python312\Lib\socketserver.py", line 761, in __init__
    self.handle()
  File "C:\Program Files\Python312\Lib\http\server.py", line 438, in handle
    self.handle_one_request()
  File "C:\Program Files\Python312\Lib\http\server.py", line 404, in handle_one_request
    self.raw_requestline = self.rfile.readline(65537)
                           ^^^^^^^^^^^^^^^^^^^^^^^^^^
  File "C:\Program Files\Python312\Lib\socket.py", line 707, in readinto
    return self._sock.recv_into(b)
           ^^^^^^^^^^^^^^^^^^^^^^^
ConnectionAbortedError: [WinError 10053] 你的主机中的软件中止了一个已建立的连接。
----------------------------------------
----------------------------------------
Exception occurred during processing of request from ('127.0.0.1', 10712)
Traceback (most recent call last):
  File "C:\Program Files\Python312\Lib\socketserver.py", line 692, in process_request_thread
    self.finish_request(request, client_address)
  File "C:\Program Files\Python312\Lib\socketserver.py", line 362, in finish_request
    self.RequestHandlerClass(request, client_address, self)
  File "C:\Program Files\Python312\Lib\socketserver.py", line 761, in __init__
    self.handle()
  File "C:\Program Files\Python312\Lib\http\server.py", line 438, in handle
    self.handle_one_request()
  File "C:\Program Files\Python312\Lib\http\server.py", line 404, in handle_one_request
    self.raw_requestline = self.rfile.readline(65537)
                           ^^^^^^^^^^^^^^^^^^^^^^^^^^
  File "C:\Program Files\Python312\Lib\socket.py", line 707, in readinto
    return self._sock.recv_into(b)
           ^^^^^^^^^^^^^^^^^^^^^^^
ConnectionAbortedError: [WinError 10053] 你的主机中的软件中止了一个已建立的连接。
----------------------------------------
